# JRE version: Java(TM) SE Runtime Environment (8.0_92-b14) (build 1.8.0_92-b14)
# Java VM: Java HotSpot(TM) 64-Bit Server VM (25.92-b14 mixed mode windows-amd64 compressed oops)
Heap:
 PSYoungGen      total 118784K, used 12118K [0x0000000780000000, 0x000000078b700000, 0x00000007c0000000)
  eden space 110080K, 3% used [0x0000000780000000,0x0000000780359e08,0x0000000786b80000)
  from space 8704K, 99% used [0x0000000786b80000,0x00000007873fbab8,0x0000000787400000)
  to   space 13824K, 0% used [0x000000078a980000,0x000000078a980000,0x000000078b700000)
 ParOldGen       total 50176K, used 32820K [0x0000000700000000, 0x0000000703100000, 0x0000000780000000)
  object space 50176K, 65% used [0x0000000700000000,0x000000070200d0c0,0x0000000703100000)
 Metaspace       used 41141K, capacity 41782K, committed 42112K, reserved 1085440K
  class space    used 5748K, capacity 5950K, committed 6016K, reserved 1048576K
GC Heap History (10 events):
Event: 12.121 GC heap before
{Heap before GC invocations=13 (full 1):
 PSYoungGen      total 56832K, used 55528K [0x0000000780000000, 0x0000000785680000, 0x00000007c0000000)
  eden space 49664K, 100% used [0x0000000780000000,0x0000000783080000,0x0000000783080000)
  from space 7168K, 81% used [0x0000000783080000,0x000000078363a1f0,0x0000000783780000)
  to   space 7168K, 0% used [0x0000000784f80000,0x0000000784f80000,0x0000000785680000)
 ParOldGen       total 29696K, used 8816K [0x0000000700000000, 0x0000000701d00000, 0x0000000780000000)
  object space 29696K, 29% used [0x0000000700000000,0x000000070089c0b8,0x0000000701d00000)
 Metaspace       used 32239K, capacity 32796K, committed 33024K, reserved 1077248K
  class space    used 4549K, capacity 4739K, committed 4864K, reserved 1048576K
Event: 12.150 GC heap after
Heap after GC invocations=13 (full 1):
 PSYoungGen      total 81408K, used 3202K [0x0000000780000000, 0x0000000785780000, 0x00000007c0000000)
  eden space 74240K, 0% used [0x0000000780000000,0x0000000780000000,0x0000000784880000)
  from space 7168K, 44% used [0x0000000784f80000,0x00000007852a08a8,0x0000000785680000)
  to   space 7168K, 0% used [0x0000000784880000,0x0000000784880000,0x0000000784f80000)
 ParOldGen       total 29696K, used 11356K [0x0000000700000000, 0x0000000701d00000, 0x0000000780000000)
  object space 29696K, 38% used [0x0000000700000000,0x0000000700b170f8,0x0000000701d00000)
 Metaspace       used 32239K, capacity 32796K, committed 33024K, reserved 1077248K
  class space    used 4549K, capacity 4739K, committed 4864K, reserved 1048576K
}
Event: 27.238 GC heap before
{Heap before GC invocations=14 (full 1):
 PSYoungGen      total 81408K, used 75525K [0x0000000780000000, 0x0000000785780000, 0x00000007c0000000)
  eden space 74240K, 97% used [0x0000000780000000,0x00000007846a0ca8,0x0000000784880000)
  from space 7168K, 44% used [0x0000000784f80000,0x00000007852a08a8,0x0000000785680000)
  to   space 7168K, 0% used [0x0000000784880000,0x0000000784880000,0x0000000784f80000)
 ParOldGen       total 29696K, used 11356K [0x0000000700000000, 0x0000000701d00000, 0x0000000780000000)
  object space 29696K, 38% used [0x0000000700000000,0x0000000700b170f8,0x0000000701d00000)
 Metaspace       used 33788K, capacity 34292K, committed 34688K, reserved 1079296K
  class space    used 4789K, capacity 4935K, committed 4992K, reserved 1048576K
Event: 27.251 GC heap after
Heap after GC invocations=14 (full 1):
 PSYoungGen      total 81408K, used 7144K [0x0000000780000000, 0x0000000787d00000, 0x00000007c0000000)
  eden space 74240K, 0% used [0x0000000780000000,0x0000000780000000,0x0000000784880000)
  from space 7168K, 99% used [0x0000000784880000,0x0000000784f7a0c8,0x0000000784f80000)
  to   space 9216K, 0% used [0x0000000787400000,0x0000000787400000,0x0000000787d00000)
 ParOldGen       total 29696K, used 13671K [0x0000000700000000, 0x0000000701d00000, 0x0000000780000000)
  object space 29696K, 46% used [0x0000000700000000,0x0000000700d59ed8,0x0000000701d00000)
 Metaspace       used 33788K, capacity 34292K, committed 34688K, reserved 1079296K
  class space    used 4789K, capacity 4935K, committed 4992K, reserved 1048576K
}
Event: 28.012 GC heap before
{Heap before GC invocations=15 (full 1):
 PSYoungGen      total 81408K, used 41083K [0x0000000780000000, 0x0000000787d00000, 0x00000007c0000000)
  eden space 74240K, 45% used [0x0000000780000000,0x0000000782124b88,0x0000000784880000)
  from space 7168K, 99% used [0x0000000784880000,0x0000000784f7a0c8,0x0000000784f80000)
  to   space 9216K, 0% used [0x0000000787400000,0x0000000787400000,0x0000000787d00000)
 ParOldGen       total 29696K, used 13671K [0x0000000700000000, 0x0000000701d00000, 0x0000000780000000)
  object space 29696K, 46% used [0x0000000700000000,0x0000000700d59ed8,0x0000000701d00000)
 Metaspace       used 34777K, capacity 35270K, committed 35416K, reserved 1079296K
  class space    used 4933K, capacity 5044K, committed 5120K, reserved 1048576K
Event: 28.061 GC heap after
Heap after GC invocations=15 (full 1):
 PSYoungGen      total 119296K, used 3852K [0x0000000780000000, 0x0000000787e80000, 0x00000007c0000000)
  eden space 110080K, 0% used [0x0000000780000000,0x0000000780000000,0x0000000786b80000)
  from space 9216K, 41% used [0x0000000787400000,0x00000007877c31c0,0x0000000787d00000)
  to   space 8704K, 0% used [0x0000000786b80000,0x0000000786b80000,0x0000000787400000)
 ParOldGen       total 29696K, used 18387K [0x0000000700000000, 0x0000000701d00000, 0x0000000780000000)
  object space 29696K, 61% used [0x0000000700000000,0x00000007011f4f38,0x0000000701d00000)
 Metaspace       used 34777K, capacity 35270K, committed 35416K, reserved 1079296K
  class space    used 4933K, capacity 5044K, committed 5120K, reserved 1048576K
}
Event: 28.061 GC heap before
{Heap before GC invocations=16 (full 2):
 PSYoungGen      total 119296K, used 3852K [0x0000000780000000, 0x0000000787e80000, 0x00000007c0000000)
  eden space 110080K, 0% used [0x0000000780000000,0x0000000780000000,0x0000000786b80000)
  from space 9216K, 41% used [0x0000000787400000,0x00000007877c31c0,0x0000000787d00000)
  to   space 8704K, 0% used [0x0000000786b80000,0x0000000786b80000,0x0000000787400000)
 ParOldGen       total 29696K, used 18387K [0x0000000700000000, 0x0000000701d00000, 0x0000000780000000)
  object space 29696K, 61% used [0x0000000700000000,0x00000007011f4f38,0x0000000701d00000)
 Metaspace       used 34777K, capacity 35270K, committed 35416K, reserved 1079296K
  class space    used 4933K, capacity 5044K, committed 5120K, reserved 1048576K
Event: 28.282 GC heap after
Heap after GC invocations=16 (full 2):
 PSYoungGen      total 119296K, used 0K [0x0000000780000000, 0x0000000787e80000, 0x00000007c0000000)
  eden space 110080K, 0% used [0x0000000780000000,0x0000000780000000,0x0000000786b80000)
  from space 9216K, 0% used [0x0000000787400000,0x0000000787400000,0x0000000787d00000)
  to   space 8704K, 0% used [0x0000000786b80000,0x0000000786b80000,0x0000000787400000)
 ParOldGen       total 50176K, used 21489K [0x0000000700000000, 0x0000000703100000, 0x0000000780000000)
  object space 50176K, 42% used [0x0000000700000000,0x00000007014fc528,0x0000000703100000)
 Metaspace       used 34777K, capacity 35270K, committed 35416K, reserved 1079296K
  class space    used 4933K, capacity 5044K, committed 5120K, reserved 1048576K
}
Event: 40.228 GC heap before
{Heap before GC invocations=17 (full 2):
 PSYoungGen      total 119296K, used 110080K [0x0000000780000000, 0x0000000787e80000, 0x00000007c0000000)
  eden space 110080K, 100% used [0x0000000780000000,0x0000000786b80000,0x0000000786b80000)
  from space 9216K, 0% used [0x0000000787400000,0x0000000787400000,0x0000000787d00000)
  to   space 8704K, 0% used [0x0000000786b80000,0x0000000786b80000,0x0000000787400000)
 ParOldGen       total 50176K, used 21489K [0x0000000700000000, 0x0000000703100000, 0x0000000780000000)
  object space 50176K, 42% used [0x0000000700000000,0x00000007014fc528,0x0000000703100000)
 Metaspace       used 41082K, capacity 41718K, committed 42112K, reserved 1085440K
  class space    used 5740K, capacity 5950K, committed 6016K, reserved 1048576K
Event: 40.255 GC heap after
Heap after GC invocations=17 (full 2):
 PSYoungGen      total 118784K, used 8686K [0x0000000780000000, 0x000000078b700000, 0x00000007c0000000)
  eden space 110080K, 0% used [0x0000000780000000,0x0000000780000000,0x0000000786b80000)
  from space 8704K, 99% used [0x0000000786b80000,0x00000007873fbab8,0x0000000787400000)
  to   space 13824K, 0% used [0x000000078a980000,0x000000078a980000,0x000000078b700000)
 ParOldGen       total 50176K, used 32820K [0x0000000700000000, 0x0000000703100000, 0x0000000780000000)
  object space 50176K, 65% used [0x0000000700000000,0x000000070200d0c0,0x0000000703100000)
 Metaspace       used 41082K, capacity 41718K, committed 42112K, reserved 1085440K
  class space    used 5740K, capacity 5950K, committed 6016K, reserved 1048576K
}

