# JRE version: Java(TM) SE Runtime Environment (8.0_92-b14) (build 1.8.0_92-b14)
# Java VM: Java HotSpot(TM) 64-Bit Server VM (25.92-b14 mixed mode windows-amd64 compressed oops)
Heap:
 PSYoungGen      total 108544K, used 75330K [0x0000000780000000, 0x0000000789c80000, 0x00000007c0000000)
  eden space 97280K, 77% used [0x0000000780000000,0x0000000784990800,0x0000000785f00000)
  from space 11264K, 0% used [0x0000000785f00000,0x0000000785f00000,0x0000000786a00000)
  to   space 12288K, 0% used [0x0000000789080000,0x0000000789080000,0x0000000789c80000)
 ParOldGen       total 49664K, used 15087K [0x0000000700000000, 0x0000000703080000, 0x0000000780000000)
  object space 49664K, 30% used [0x0000000700000000,0x0000000700ebbe20,0x0000000703080000)
 Metaspace       used 36487K, capacity 37066K, committed 37336K, reserved 1081344K
  class space    used 5101K, capacity 5272K, committed 5376K, reserved 1048576K
GC Heap History (10 events):
Event: 3.408 GC heap before
{Heap before GC invocations=7 (full 1):
 PSYoungGen      total 74240K, used 5431K [0x0000000780000000, 0x0000000785100000, 0x00000007c0000000)
  eden space 65536K, 0% used [0x0000000780000000,0x0000000780000000,0x0000000784000000)
  from space 8704K, 62% used [0x0000000784880000,0x0000000784dcde30,0x0000000785100000)
  to   space 8704K, 0% used [0x0000000784000000,0x0000000784000000,0x0000000784880000)
 ParOldGen       total 44032K, used 10208K [0x0000000700000000, 0x0000000702b00000, 0x0000000780000000)
  object space 44032K, 23% used [0x0000000700000000,0x00000007009f82c0,0x0000000702b00000)
 Metaspace       used 20929K, capacity 21200K, committed 21248K, reserved 1067008K
  class space    used 2963K, capacity 3062K, committed 3072K, reserved 1048576K
Event: 3.477 GC heap after
Heap after GC invocations=7 (full 1):
 PSYoungGen      total 74240K, used 0K [0x0000000780000000, 0x0000000785100000, 0x00000007c0000000)
  eden space 65536K, 0% used [0x0000000780000000,0x0000000780000000,0x0000000784000000)
  from space 8704K, 0% used [0x0000000784880000,0x0000000784880000,0x0000000785100000)
  to   space 8704K, 0% used [0x0000000784000000,0x0000000784000000,0x0000000784880000)
 ParOldGen       total 37376K, used 8481K [0x0000000700000000, 0x0000000702480000, 0x0000000780000000)
  object space 37376K, 22% used [0x0000000700000000,0x0000000700848540,0x0000000702480000)
 Metaspace       used 20929K, capacity 21200K, committed 21248K, reserved 1067008K
  class space    used 2963K, capacity 3062K, committed 3072K, reserved 1048576K
}
Event: 7.926 GC heap before
{Heap before GC invocations=8 (full 1):
 PSYoungGen      total 74240K, used 65536K [0x0000000780000000, 0x0000000785100000, 0x00000007c0000000)
  eden space 65536K, 100% used [0x0000000780000000,0x0000000784000000,0x0000000784000000)
  from space 8704K, 0% used [0x0000000784880000,0x0000000784880000,0x0000000785100000)
  to   space 8704K, 0% used [0x0000000784000000,0x0000000784000000,0x0000000784880000)
 ParOldGen       total 37376K, used 8481K [0x0000000700000000, 0x0000000702480000, 0x0000000780000000)
  object space 37376K, 22% used [0x0000000700000000,0x0000000700848540,0x0000000702480000)
 Metaspace       used 26163K, capacity 26588K, committed 26752K, reserved 1073152K
  class space    used 3688K, capacity 3853K, committed 3968K, reserved 1048576K
Event: 7.933 GC heap after
Heap after GC invocations=8 (full 1):
 PSYoungGen      total 74240K, used 6519K [0x0000000780000000, 0x0000000787500000, 0x00000007c0000000)
  eden space 65536K, 0% used [0x0000000780000000,0x0000000780000000,0x0000000784000000)
  from space 8704K, 74% used [0x0000000784000000,0x000000078465ded0,0x0000000784880000)
  to   space 9216K, 0% used [0x0000000786c00000,0x0000000786c00000,0x0000000787500000)
 ParOldGen       total 37376K, used 8489K [0x0000000700000000, 0x0000000702480000, 0x0000000780000000)
  object space 37376K, 22% used [0x0000000700000000,0x000000070084a540,0x0000000702480000)
 Metaspace       used 26163K, capacity 26588K, committed 26752K, reserved 1073152K
  class space    used 3688K, capacity 3853K, committed 3968K, reserved 1048576K
}
Event: 26.106 GC heap before
{Heap before GC invocations=9 (full 1):
 PSYoungGen      total 74240K, used 72055K [0x0000000780000000, 0x0000000787500000, 0x00000007c0000000)
  eden space 65536K, 100% used [0x0000000780000000,0x0000000784000000,0x0000000784000000)
  from space 8704K, 74% used [0x0000000784000000,0x000000078465ded0,0x0000000784880000)
  to   space 9216K, 0% used [0x0000000786c00000,0x0000000786c00000,0x0000000787500000)
 ParOldGen       total 37376K, used 8489K [0x0000000700000000, 0x0000000702480000, 0x0000000780000000)
  object space 37376K, 22% used [0x0000000700000000,0x000000070084a540,0x0000000702480000)
 Metaspace       used 33545K, capacity 34068K, committed 34432K, reserved 1079296K
  class space    used 4666K, capacity 4879K, committed 4992K, reserved 1048576K
Event: 26.124 GC heap after
Heap after GC invocations=9 (full 1):
 PSYoungGen      total 105984K, used 9191K [0x0000000780000000, 0x0000000787500000, 0x00000007c0000000)
  eden space 96768K, 0% used [0x0000000780000000,0x0000000780000000,0x0000000785e80000)
  from space 9216K, 99% used [0x0000000786c00000,0x00000007874f9c60,0x0000000787500000)
  to   space 11264K, 0% used [0x0000000785f00000,0x0000000785f00000,0x0000000786a00000)
 ParOldGen       total 37376K, used 10673K [0x0000000700000000, 0x0000000702480000, 0x0000000780000000)
  object space 37376K, 28% used [0x0000000700000000,0x0000000700a6c6a0,0x0000000702480000)
 Metaspace       used 33545K, capacity 34068K, committed 34432K, reserved 1079296K
  class space    used 4666K, capacity 4879K, committed 4992K, reserved 1048576K
}
Event: 26.545 GC heap before
{Heap before GC invocations=10 (full 1):
 PSYoungGen      total 105984K, used 48515K [0x0000000780000000, 0x0000000787500000, 0x00000007c0000000)
  eden space 96768K, 40% used [0x0000000780000000,0x0000000782667368,0x0000000785e80000)
  from space 9216K, 99% used [0x0000000786c00000,0x00000007874f9c60,0x0000000787500000)
  to   space 11264K, 0% used [0x0000000785f00000,0x0000000785f00000,0x0000000786a00000)
 ParOldGen       total 37376K, used 10673K [0x0000000700000000, 0x0000000702480000, 0x0000000780000000)
  object space 37376K, 28% used [0x0000000700000000,0x0000000700a6c6a0,0x0000000702480000)
 Metaspace       used 34742K, capacity 35282K, committed 35416K, reserved 1079296K
  class space    used 4808K, capacity 4980K, committed 4992K, reserved 1048576K
Event: 26.596 GC heap after
Heap after GC invocations=10 (full 1):
 PSYoungGen      total 108544K, used 8937K [0x0000000780000000, 0x0000000789c80000, 0x00000007c0000000)
  eden space 97280K, 0% used [0x0000000780000000,0x0000000780000000,0x0000000785f00000)
  from space 11264K, 79% used [0x0000000785f00000,0x00000007867ba650,0x0000000786a00000)
  to   space 12288K, 0% used [0x0000000789080000,0x0000000789080000,0x0000000789c80000)
 ParOldGen       total 37376K, used 10673K [0x0000000700000000, 0x0000000702480000, 0x0000000780000000)
  object space 37376K, 28% used [0x0000000700000000,0x0000000700a6c6a0,0x0000000702480000)
 Metaspace       used 34742K, capacity 35282K, committed 35416K, reserved 1079296K
  class space    used 4808K, capacity 4980K, committed 4992K, reserved 1048576K
}
Event: 26.596 GC heap before
{Heap before GC invocations=11 (full 2):
 PSYoungGen      total 108544K, used 8937K [0x0000000780000000, 0x0000000789c80000, 0x00000007c0000000)
  eden space 97280K, 0% used [0x0000000780000000,0x0000000780000000,0x0000000785f00000)
  from space 11264K, 79% used [0x0000000785f00000,0x00000007867ba650,0x0000000786a00000)
  to   space 12288K, 0% used [0x0000000789080000,0x0000000789080000,0x0000000789c80000)
 ParOldGen       total 37376K, used 10673K [0x0000000700000000, 0x0000000702480000, 0x0000000780000000)
  object space 37376K, 28% used [0x0000000700000000,0x0000000700a6c6a0,0x0000000702480000)
 Metaspace       used 34742K, capacity 35282K, committed 35416K, reserved 1079296K
  class space    used 4808K, capacity 4980K, committed 4992K, reserved 1048576K
Event: 26.744 GC heap after
Heap after GC invocations=11 (full 2):
 PSYoungGen      total 108544K, used 0K [0x0000000780000000, 0x0000000789c80000, 0x00000007c0000000)
  eden space 97280K, 0% used [0x0000000780000000,0x0000000780000000,0x0000000785f00000)
  from space 11264K, 0% used [0x0000000785f00000,0x0000000785f00000,0x0000000786a00000)
  to   space 12288K, 0% used [0x0000000789080000,0x0000000789080000,0x0000000789c80000)
 ParOldGen       total 49664K, used 15087K [0x0000000700000000, 0x0000000703080000, 0x0000000780000000)
  object space 49664K, 30% used [0x0000000700000000,0x0000000700ebbe20,0x0000000703080000)
 Metaspace       used 34742K, capacity 35282K, committed 35416K, reserved 1079296K
  class space    used 4808K, capacity 4980K, committed 4992K, reserved 1048576K
}

